# JRE version: Java(TM) SE Runtime Environment (8.0_91-b14) (build 1.8.0_91-b14)
# Java VM: Java HotSpot(TM) 64-Bit Server VM (25.91-b14 mixed mode linux-amd64 compressed oops)
Heap:
 PSYoungGen      total 445440K, used 104441K [0x000000076ab00000, 0x000000078c400000, 0x00000007c0000000)
  eden space 340992K, 0% used [0x000000076ab00000,0x000000076ab00000,0x000000077f800000)
  from space 104448K, 99% used [0x000000077f800000,0x0000000785dfe6f8,0x0000000785e00000)
  to   space 100352K, 0% used [0x0000000786200000,0x0000000786200000,0x000000078c400000)
 ParOldGen       total 220160K, used 133975K [0x00000006c0000000, 0x00000006cd700000, 0x000000076ab00000)
  object space 220160K, 60% used [0x00000006c0000000,0x00000006c82d5e58,0x00000006cd700000)
 Metaspace       used 6394K, capacity 7192K, committed 7424K, reserved 1056768K
  class space    used 611K, capacity 656K, committed 768K, reserved 1048576K
GC Heap History (10 events):
Event: 28.754 GC heap after
Heap after GC invocations=12 (full 3):
 PSYoungGen      total 219136K, used 0K [0x000000076ab00000, 0x0000000784b80000, 0x00000007c0000000)
  eden space 165376K, 0% used [0x000000076ab00000,0x000000076ab00000,0x0000000774c80000)
  from space 53760K, 0% used [0x0000000774c80000,0x0000000774c80000,0x0000000778100000)
  to   space 95232K, 0% used [0x000000077ee80000,0x000000077ee80000,0x0000000784b80000)
 ParOldGen       total 234496K, used 136569K [0x00000006c0000000, 0x00000006ce500000, 0x000000076ab00000)
  object space 234496K, 58% used [0x00000006c0000000,0x00000006c855e560,0x00000006ce500000)
 Metaspace       used 6239K, capacity 7128K, committed 7424K, reserved 1056768K
  class space    used 611K, capacity 656K, committed 768K, reserved 1048576K
}
Event: 28.951 GC heap before
{Heap before GC invocations=13 (full 3):
 PSYoungGen      total 219136K, used 165376K [0x000000076ab00000, 0x0000000784b80000, 0x00000007c0000000)
  eden space 165376K, 100% used [0x000000076ab00000,0x0000000774c80000,0x0000000774c80000)
  from space 53760K, 0% used [0x0000000774c80000,0x0000000774c80000,0x0000000778100000)
  to   space 95232K, 0% used [0x000000077ee80000,0x000000077ee80000,0x0000000784b80000)
 ParOldGen       total 234496K, used 136569K [0x00000006c0000000, 0x00000006ce500000, 0x000000076ab00000)
  object space 234496K, 58% used [0x00000006c0000000,0x00000006c855e560,0x00000006ce500000)
 Metaspace       used 6244K, capacity 7128K, committed 7424K, reserved 1056768K
  class space    used 611K, capacity 656K, committed 768K, reserved 1048576K
Event: 31.226 GC heap after
Heap after GC invocations=13 (full 3):
 PSYoungGen      total 325632K, used 64656K [0x000000076ab00000, 0x0000000785d80000, 0x00000007c0000000)
  eden space 230400K, 0% used [0x000000076ab00000,0x000000076ab00000,0x0000000778c00000)
  from space 95232K, 67% used [0x000000077ee80000,0x0000000782da4380,0x0000000784b80000)
  to   space 100864K, 0% used [0x0000000778c00000,0x0000000778c00000,0x000000077ee80000)
 ParOldGen       total 234496K, used 136569K [0x00000006c0000000, 0x00000006ce500000, 0x000000076ab00000)
  object space 234496K, 58% used [0x00000006c0000000,0x00000006c855e560,0x00000006ce500000)
 Metaspace       used 6244K, capacity 7128K, committed 7424K, reserved 1056768K
  class space    used 611K, capacity 656K, committed 768K, reserved 1048576K
}
Event: 32.509 GC heap before
{Heap before GC invocations=14 (full 3):
 PSYoungGen      total 325632K, used 295056K [0x000000076ab00000, 0x0000000785d80000, 0x00000007c0000000)
  eden space 230400K, 100% used [0x000000076ab00000,0x0000000778c00000,0x0000000778c00000)
  from space 95232K, 67% used [0x000000077ee80000,0x0000000782da4380,0x0000000784b80000)
  to   space 100864K, 0% used [0x0000000778c00000,0x0000000778c00000,0x000000077ee80000)
 ParOldGen       total 234496K, used 136569K [0x00000006c0000000, 0x00000006ce500000, 0x000000076ab00000)
  object space 234496K, 58% used [0x00000006c0000000,0x00000006c855e560,0x00000006ce500000)
 Metaspace       used 6270K, capacity 7128K, committed 7424K, reserved 1056768K
  class space    used 611K, capacity 656K, committed 768K, reserved 1048576K
Event: 34.823 GC heap after
Heap after GC invocations=14 (full 3):
 PSYoungGen      total 331264K, used 70439K [0x000000076ab00000, 0x000000078cb00000, 0x00000007c0000000)
  eden space 230400K, 0% used [0x000000076ab00000,0x000000076ab00000,0x0000000778c00000)
  from space 100864K, 69% used [0x0000000778c00000,0x000000077d0c9c38,0x000000077ee80000)
  to   space 107520K, 0% used [0x0000000786200000,0x0000000786200000,0x000000078cb00000)
 ParOldGen       total 234496K, used 164523K [0x00000006c0000000, 0x00000006ce500000, 0x000000076ab00000)
  object space 234496K, 70% used [0x00000006c0000000,0x00000006ca0aac88,0x00000006ce500000)
 Metaspace       used 6270K, capacity 7128K, committed 7424K, reserved 1056768K
  class space    used 611K, capacity 656K, committed 768K, reserved 1048576K
}
Event: 36.982 GC heap before
{Heap before GC invocations=15 (full 3):
 PSYoungGen      total 331264K, used 300839K [0x000000076ab00000, 0x000000078cb00000, 0x00000007c0000000)
  eden space 230400K, 100% used [0x000000076ab00000,0x0000000778c00000,0x0000000778c00000)
  from space 100864K, 69% used [0x0000000778c00000,0x000000077d0c9c38,0x000000077ee80000)
  to   space 107520K, 0% used [0x0000000786200000,0x0000000786200000,0x000000078cb00000)
 ParOldGen       total 234496K, used 164523K [0x00000006c0000000, 0x00000006ce500000, 0x000000076ab00000)
  object space 234496K, 70% used [0x00000006c0000000,0x00000006ca0aac88,0x00000006ce500000)
 Metaspace       used 6293K, capacity 7192K, committed 7424K, reserved 1056768K
  class space    used 611K, capacity 656K, committed 768K, reserved 1048576K
Event: 38.425 GC heap after
Heap after GC invocations=15 (full 3):
 PSYoungGen      total 441344K, used 49741K [0x000000076ab00000, 0x000000078c400000, 0x00000007c0000000)
  eden space 340992K, 0% used [0x000000076ab00000,0x000000076ab00000,0x000000077f800000)
  from space 100352K, 49% used [0x0000000786200000,0x0000000789293748,0x000000078c400000)
  to   space 104448K, 0% used [0x000000077f800000,0x000000077f800000,0x0000000785e00000)
 ParOldGen       total 234496K, used 194461K [0x00000006c0000000, 0x00000006ce500000, 0x000000076ab00000)
  object space 234496K, 82% used [0x00000006c0000000,0x00000006cbde7530,0x00000006ce500000)
 Metaspace       used 6293K, capacity 7192K, committed 7424K, reserved 1056768K
  class space    used 611K, capacity 656K, committed 768K, reserved 1048576K
}
Event: 38.425 GC heap before
{Heap before GC invocations=16 (full 4):
 PSYoungGen      total 441344K, used 49741K [0x000000076ab00000, 0x000000078c400000, 0x00000007c0000000)
  eden space 340992K, 0% used [0x000000076ab00000,0x000000076ab00000,0x000000077f800000)
  from space 100352K, 49% used [0x0000000786200000,0x0000000789293748,0x000000078c400000)
  to   space 104448K, 0% used [0x000000077f800000,0x000000077f800000,0x0000000785e00000)
 ParOldGen       total 234496K, used 194461K [0x00000006c0000000, 0x00000006ce500000, 0x000000076ab00000)
  object space 234496K, 82% used [0x00000006c0000000,0x00000006cbde7530,0x00000006ce500000)
 Metaspace       used 6293K, capacity 7192K, committed 7424K, reserved 1056768K
  class space    used 611K, capacity 656K, committed 768K, reserved 1048576K
Event: 39.791 GC heap after
Heap after GC invocations=16 (full 4):
 PSYoungGen      total 441344K, used 0K [0x000000076ab00000, 0x000000078c400000, 0x00000007c0000000)
  eden space 340992K, 0% used [0x000000076ab00000,0x000000076ab00000,0x000000077f800000)
  from space 100352K, 0% used [0x0000000786200000,0x0000000786200000,0x000000078c400000)
  to   space 104448K, 0% used [0x000000077f800000,0x000000077f800000,0x0000000785e00000)
 ParOldGen       total 220160K, used 115960K [0x00000006c0000000, 0x00000006cd700000, 0x000000076ab00000)
  object space 220160K, 52% used [0x00000006c0000000,0x00000006c713e138,0x00000006cd700000)
 Metaspace       used 6293K, capacity 7192K, committed 7424K, reserved 1056768K
  class space    used 611K, capacity 656K, committed 768K, reserved 1048576K
}
Event: 40.726 GC heap before
{Heap before GC invocations=17 (full 4):
 PSYoungGen      total 441344K, used 340992K [0x000000076ab00000, 0x000000078c400000, 0x00000007c0000000)
  eden space 340992K, 100% used [0x000000076ab00000,0x000000077f800000,0x000000077f800000)
  from space 100352K, 0% used [0x0000000786200000,0x0000000786200000,0x000000078c400000)
  to   space 104448K, 0% used [0x000000077f800000,0x000000077f800000,0x0000000785e00000)
 ParOldGen       total 220160K, used 115960K [0x00000006c0000000, 0x00000006cd700000, 0x000000076ab00000)
  object space 220160K, 52% used [0x00000006c0000000,0x00000006c713e138,0x00000006cd700000)
 Metaspace       used 6394K, capacity 7192K, committed 7424K, reserved 1056768K
  class space    used 611K, capacity 656K, committed 768K, reserved 1048576K

