# JRE version: Java(TM) SE Runtime Environment (8.0_91-b14) (build 1.8.0_91-b14)
# Java VM: Java HotSpot(TM) 64-Bit Server VM (25.91-b14 mixed mode linux-amd64 compressed oops)
Heap:
 PSYoungGen      total 436736K, used 48640K [0x000000076ab00000, 0x000000078ed00000, 0x00000007c0000000)
  eden space 305664K, 0% used [0x000000076ab00000,0x000000076ab00000,0x000000077d580000)
  from space 131072K, 37% used [0x000000077d580000,0x00000007805002a8,0x0000000785580000)
  to   space 114176K, 0% used [0x0000000785580000,0x0000000785580000,0x000000078c500000)
 ParOldGen       total 270336K, used 223312K [0x00000006c0000000, 0x00000006d0800000, 0x000000076ab00000)
  object space 270336K, 82% used [0x00000006c0000000,0x00000006cda14228,0x00000006d0800000)
 Metaspace       used 6456K, capacity 7256K, committed 7424K, reserved 1056768K
  class space    used 611K, capacity 656K, committed 768K, reserved 1048576K
GC Heap History (10 events):
Event: 34.625 GC heap after
Heap after GC invocations=13 (full 3):
 PSYoungGen      total 335360K, used 67470K [0x000000076ab00000, 0x0000000786e80000, 0x00000007c0000000)
  eden space 228352K, 0% used [0x000000076ab00000,0x000000076ab00000,0x0000000778a00000)
  from space 107008K, 63% used [0x000000077f700000,0x00000007838e3898,0x0000000785f80000)
  to   space 111616K, 0% used [0x0000000778a00000,0x0000000778a00000,0x000000077f700000)
 ParOldGen       total 264192K, used 189526K [0x00000006c0000000, 0x00000006d0200000, 0x000000076ab00000)
  object space 264192K, 71% used [0x00000006c0000000,0x00000006cb915bf0,0x00000006d0200000)
 Metaspace       used 6147K, capacity 7064K, committed 7424K, reserved 1056768K
  class space    used 610K, capacity 656K, committed 768K, reserved 1048576K
}
Event: 36.008 GC heap before
{Heap before GC invocations=14 (full 3):
 PSYoungGen      total 335360K, used 295822K [0x000000076ab00000, 0x0000000786e80000, 0x00000007c0000000)
  eden space 228352K, 100% used [0x000000076ab00000,0x0000000778a00000,0x0000000778a00000)
  from space 107008K, 63% used [0x000000077f700000,0x00000007838e3898,0x0000000785f80000)
  to   space 111616K, 0% used [0x0000000778a00000,0x0000000778a00000,0x000000077f700000)
 ParOldGen       total 264192K, used 189526K [0x00000006c0000000, 0x00000006d0200000, 0x000000076ab00000)
  object space 264192K, 71% used [0x00000006c0000000,0x00000006cb915bf0,0x00000006d0200000)
 Metaspace       used 6183K, capacity 7064K, committed 7424K, reserved 1056768K
  class space    used 611K, capacity 656K, committed 768K, reserved 1048576K
Event: 39.991 GC heap after
Heap after GC invocations=14 (full 3):
 PSYoungGen      total 335360K, used 295822K [0x000000076ab00000, 0x0000000786e80000, 0x00000007c0000000)
  eden space 228352K, 100% used [0x000000076ab00000,0x0000000778a00000,0x0000000778a00000)
  from space 107008K, 63% used [0x000000077f700000,0x00000007838e3898,0x0000000785f80000)
  to   space 111616K, 99% used [0x0000000778a00000,0x000000077f6feae0,0x000000077f700000)
 ParOldGen       total 272896K, used 272595K [0x00000006c0000000, 0x00000006d0a80000, 0x000000076ab00000)
  object space 272896K, 99% used [0x00000006c0000000,0x00000006d0a34ef0,0x00000006d0a80000)
 Metaspace       used 6183K, capacity 7064K, committed 7424K, reserved 1056768K
  class space    used 611K, capacity 656K, committed 768K, reserved 1048576K
}
Event: 39.991 GC heap before
{Heap before GC invocations=15 (full 4):
 PSYoungGen      total 335360K, used 295822K [0x000000076ab00000, 0x0000000786e80000, 0x00000007c0000000)
  eden space 228352K, 100% used [0x000000076ab00000,0x0000000778a00000,0x0000000778a00000)
  from space 107008K, 63% used [0x000000077f700000,0x00000007838e3898,0x0000000785f80000)
  to   space 111616K, 99% used [0x0000000778a00000,0x000000077f6feae0,0x000000077f700000)
 ParOldGen       total 272896K, used 272595K [0x00000006c0000000, 0x00000006d0a80000, 0x000000076ab00000)
  object space 272896K, 99% used [0x00000006c0000000,0x00000006d0a34ef0,0x00000006d0a80000)
 Metaspace       used 6183K, capacity 7064K, committed 7424K, reserved 1056768K
  class space    used 611K, capacity 656K, committed 768K, reserved 1048576K
Event: 42.870 GC heap after
Heap after GC invocations=15 (full 4):
 PSYoungGen      total 335360K, used 0K [0x000000076ab00000, 0x0000000786e80000, 0x00000007c0000000)
  eden space 228352K, 0% used [0x000000076ab00000,0x000000076ab00000,0x0000000778a00000)
  from space 107008K, 0% used [0x000000077f700000,0x000000077f700000,0x0000000785f80000)
  to   space 111616K, 0% used [0x0000000778a00000,0x0000000778a00000,0x000000077f700000)
 ParOldGen       total 270336K, used 176776K [0x00000006c0000000, 0x00000006d0800000, 0x000000076ab00000)
  object space 270336K, 65% used [0x00000006c0000000,0x00000006caca2060,0x00000006d0800000)
 Metaspace       used 6183K, capacity 7064K, committed 7424K, reserved 1056768K
  class space    used 611K, capacity 656K, committed 768K, reserved 1048576K
}
Event: 43.718 GC heap before
{Heap before GC invocations=16 (full 4):
 PSYoungGen      total 335360K, used 228352K [0x000000076ab00000, 0x0000000786e80000, 0x00000007c0000000)
  eden space 228352K, 100% used [0x000000076ab00000,0x0000000778a00000,0x0000000778a00000)
  from space 107008K, 0% used [0x000000077f700000,0x000000077f700000,0x0000000785f80000)
  to   space 111616K, 0% used [0x0000000778a00000,0x0000000778a00000,0x000000077f700000)
 ParOldGen       total 270336K, used 176776K [0x00000006c0000000, 0x00000006d0800000, 0x000000076ab00000)
  object space 270336K, 65% used [0x00000006c0000000,0x00000006caca2060,0x00000006d0800000)
 Metaspace       used 6227K, capacity 7128K, committed 7424K, reserved 1056768K
  class space    used 611K, capacity 656K, committed 768K, reserved 1048576K
Event: 44.067 GC heap after
Heap after GC invocations=16 (full 4):
 PSYoungGen      total 339968K, used 65160K [0x000000076ab00000, 0x000000078c500000, 0x00000007c0000000)
  eden space 228352K, 0% used [0x000000076ab00000,0x000000076ab00000,0x0000000778a00000)
  from space 111616K, 58% used [0x0000000778a00000,0x000000077c9a2258,0x000000077f700000)
  to   space 114176K, 0% used [0x0000000785580000,0x0000000785580000,0x000000078c500000)
 ParOldGen       total 270336K, used 176784K [0x00000006c0000000, 0x00000006d0800000, 0x000000076ab00000)
  object space 270336K, 65% used [0x00000006c0000000,0x00000006caca4060,0x00000006d0800000)
 Metaspace       used 6227K, capacity 7128K, committed 7424K, reserved 1056768K
  class space    used 611K, capacity 656K, committed 768K, reserved 1048576K
}
Event: 44.920 GC heap before
{Heap before GC invocations=17 (full 4):
 PSYoungGen      total 339968K, used 293512K [0x000000076ab00000, 0x000000078c500000, 0x00000007c0000000)
  eden space 228352K, 100% used [0x000000076ab00000,0x0000000778a00000,0x0000000778a00000)
  from space 111616K, 58% used [0x0000000778a00000,0x000000077c9a2258,0x000000077f700000)
  to   space 114176K, 0% used [0x0000000785580000,0x0000000785580000,0x000000078c500000)
 ParOldGen       total 270336K, used 176784K [0x00000006c0000000, 0x00000006d0800000, 0x000000076ab00000)
  object space 270336K, 65% used [0x00000006c0000000,0x00000006caca4060,0x00000006d0800000)
 Metaspace       used 6276K, capacity 7192K, committed 7424K, reserved 1056768K
  class space    used 611K, capacity 656K, committed 768K, reserved 1048576K
Event: 49.078 GC heap after
Heap after GC invocations=17 (full 4):
 PSYoungGen      total 419840K, used 107252K [0x000000076ab00000, 0x000000078ed00000, 0x00000007c0000000)
  eden space 305664K, 0% used [0x000000076ab00000,0x000000076ab00000,0x000000077d580000)
  from space 114176K, 93% used [0x0000000785580000,0x000000078be3d208,0x000000078c500000)
  to   space 131072K, 0% used [0x000000077d580000,0x000000077d580000,0x0000000785580000)
 ParOldGen       total 270336K, used 200039K [0x00000006c0000000, 0x00000006d0800000, 0x000000076ab00000)
  object space 270336K, 73% used [0x00000006c0000000,0x00000006cc359e60,0x00000006d0800000)
 Metaspace       used 6276K, capacity 7192K, committed 7424K, reserved 1056768K
  class space    used 611K, capacity 656K, committed 768K, reserved 1048576K
}
Event: 51.320 GC heap before
{Heap before GC invocations=18 (full 4):
 PSYoungGen      total 419840K, used 412916K [0x000000076ab00000, 0x000000078ed00000, 0x00000007c0000000)
  eden space 305664K, 100% used [0x000000076ab00000,0x000000077d580000,0x000000077d580000)
  from space 114176K, 93% used [0x0000000785580000,0x000000078be3d208,0x000000078c500000)
  to   space 131072K, 0% used [0x000000077d580000,0x000000077d580000,0x0000000785580000)
 ParOldGen       total 270336K, used 200039K [0x00000006c0000000, 0x00000006d0800000, 0x000000076ab00000)
  object space 270336K, 73% used [0x00000006c0000000,0x00000006cc359e60,0x00000006d0800000)
 Metaspace       used 6456K, capacity 7256K, committed 7424K, reserved 1056768K
  class space    used 611K, capacity 656K, committed 768K, reserved 1048576K

