# JRE version: Java(TM) SE Runtime Environment (8.0_91-b14) (build 1.8.0_91-b14)
# Java VM: Java HotSpot(TM) 64-Bit Server VM (25.91-b14 mixed mode linux-amd64 compressed oops)
Heap:
 PSYoungGen      total 259584K, used 0K [0x000000076ab00000, 0x000000077e800000, 0x00000007c0000000)
  eden space 204288K, 0% used [0x000000076ab00000,0x000000076ab00000,0x0000000777280000)
  from space 55296K, 0% used [0x000000077ad00000,0x000000077ad00000,0x000000077e300000)
  to   space 59904K, 0% used [0x0000000777280000,0x0000000777280000,0x000000077ad00000)
 ParOldGen       total 103424K, used 97385K [0x00000006c0000000, 0x00000006c6500000, 0x000000076ab00000)
  object space 103424K, 94% used [0x00000006c0000000,0x00000006c5f1a560,0x00000006c6500000)
 Metaspace       used 6083K, capacity 7152K, committed 7296K, reserved 1056768K
  class space    used 576K, capacity 616K, committed 640K, reserved 1048576K
GC Heap History (10 events):
Event: 6.799 GC heap after
Heap after GC invocations=10 (full 2):
 PSYoungGen      total 142848K, used 15745K [0x000000076ab00000, 0x0000000775f80000, 0x00000007c0000000)
  eden space 120320K, 0% used [0x000000076ab00000,0x000000076ab00000,0x0000000772080000)
  from space 22528K, 69% used [0x0000000774980000,0x00000007758e0448,0x0000000775f80000)
  to   space 32256K, 0% used [0x0000000772080000,0x0000000772080000,0x0000000774000000)
 ParOldGen       total 103424K, used 45051K [0x00000006c0000000, 0x00000006c6500000, 0x000000076ab00000)
  object space 103424K, 43% used [0x00000006c0000000,0x00000006c2bfee28,0x00000006c6500000)
 Metaspace       used 5921K, capacity 7024K, committed 7296K, reserved 1056768K
  class space    used 574K, capacity 616K, committed 640K, reserved 1048576K
}
Event: 9.430 GC heap before
{Heap before GC invocations=11 (full 2):
 PSYoungGen      total 142848K, used 136065K [0x000000076ab00000, 0x0000000775f80000, 0x00000007c0000000)
  eden space 120320K, 100% used [0x000000076ab00000,0x0000000772080000,0x0000000772080000)
  from space 22528K, 69% used [0x0000000774980000,0x00000007758e0448,0x0000000775f80000)
  to   space 32256K, 0% used [0x0000000772080000,0x0000000772080000,0x0000000774000000)
 ParOldGen       total 103424K, used 45051K [0x00000006c0000000, 0x00000006c6500000, 0x000000076ab00000)
  object space 103424K, 43% used [0x00000006c0000000,0x00000006c2bfee28,0x00000006c6500000)
 Metaspace       used 5976K, capacity 7088K, committed 7296K, reserved 1056768K
  class space    used 574K, capacity 616K, committed 640K, reserved 1048576K
Event: 11.945 GC heap after
Heap after GC invocations=11 (full 2):
 PSYoungGen      total 152576K, used 30638K [0x000000076ab00000, 0x0000000778e80000, 0x00000007c0000000)
  eden space 120320K, 0% used [0x000000076ab00000,0x000000076ab00000,0x0000000772080000)
  from space 32256K, 94% used [0x0000000772080000,0x0000000773e6b848,0x0000000774000000)
  to   space 36352K, 0% used [0x0000000776b00000,0x0000000776b00000,0x0000000778e80000)
 ParOldGen       total 103424K, used 45059K [0x00000006c0000000, 0x00000006c6500000, 0x000000076ab00000)
  object space 103424K, 43% used [0x00000006c0000000,0x00000006c2c00e28,0x00000006c6500000)
 Metaspace       used 5976K, capacity 7088K, committed 7296K, reserved 1056768K
  class space    used 574K, capacity 616K, committed 640K, reserved 1048576K
}
Event: 13.789 GC heap before
{Heap before GC invocations=12 (full 2):
 PSYoungGen      total 152576K, used 150958K [0x000000076ab00000, 0x0000000778e80000, 0x00000007c0000000)
  eden space 120320K, 100% used [0x000000076ab00000,0x0000000772080000,0x0000000772080000)
  from space 32256K, 94% used [0x0000000772080000,0x0000000773e6b848,0x0000000774000000)
  to   space 36352K, 0% used [0x0000000776b00000,0x0000000776b00000,0x0000000778e80000)
 ParOldGen       total 103424K, used 45059K [0x00000006c0000000, 0x00000006c6500000, 0x000000076ab00000)
  object space 103424K, 43% used [0x00000006c0000000,0x00000006c2c00e28,0x00000006c6500000)
 Metaspace       used 6040K, capacity 7088K, committed 7296K, reserved 1056768K
  class space    used 576K, capacity 616K, committed 640K, reserved 1048576K
Event: 17.373 GC heap after
Heap after GC invocations=12 (full 2):
 PSYoungGen      total 185856K, used 36329K [0x000000076ab00000, 0x000000077aa80000, 0x00000007c0000000)
  eden space 149504K, 0% used [0x000000076ab00000,0x000000076ab00000,0x0000000773d00000)
  from space 36352K, 99% used [0x0000000776b00000,0x0000000778e7a608,0x0000000778e80000)
  to   space 47104K, 0% used [0x0000000773d00000,0x0000000773d00000,0x0000000776b00000)
 ParOldGen       total 103424K, used 59275K [0x00000006c0000000, 0x00000006c6500000, 0x000000076ab00000)
  object space 103424K, 57% used [0x00000006c0000000,0x00000006c39e2df0,0x00000006c6500000)
 Metaspace       used 6040K, capacity 7088K, committed 7296K, reserved 1056768K
  class space    used 576K, capacity 616K, committed 640K, reserved 1048576K
}
Event: 24.117 GC heap before
{Heap before GC invocations=13 (full 2):
 PSYoungGen      total 185856K, used 185833K [0x000000076ab00000, 0x000000077aa80000, 0x00000007c0000000)
  eden space 149504K, 100% used [0x000000076ab00000,0x0000000773d00000,0x0000000773d00000)
  from space 36352K, 99% used [0x0000000776b00000,0x0000000778e7a608,0x0000000778e80000)
  to   space 47104K, 0% used [0x0000000773d00000,0x0000000773d00000,0x0000000776b00000)
 ParOldGen       total 103424K, used 59275K [0x00000006c0000000, 0x00000006c6500000, 0x000000076ab00000)
  object space 103424K, 57% used [0x00000006c0000000,0x00000006c39e2df0,0x00000006c6500000)
 Metaspace       used 6058K, capacity 7152K, committed 7296K, reserved 1056768K
  class space    used 576K, capacity 616K, committed 640K, reserved 1048576K
Event: 27.523 GC heap after
Heap after GC invocations=13 (full 2):
 PSYoungGen      total 196608K, used 47101K [0x000000076ab00000, 0x000000077e300000, 0x00000007c0000000)
  eden space 149504K, 0% used [0x000000076ab00000,0x000000076ab00000,0x0000000773d00000)
  from space 47104K, 99% used [0x0000000773d00000,0x0000000776aff428,0x0000000776b00000)
  to   space 55296K, 0% used [0x000000077ad00000,0x000000077ad00000,0x000000077e300000)
 ParOldGen       total 103424K, used 61692K [0x00000006c0000000, 0x00000006c6500000, 0x000000076ab00000)
  object space 103424K, 59% used [0x00000006c0000000,0x00000006c3c3f150,0x00000006c6500000)
 Metaspace       used 6058K, capacity 7152K, committed 7296K, reserved 1056768K
  class space    used 576K, capacity 616K, committed 640K, reserved 1048576K
}
Event: 45.451 GC heap before
{Heap before GC invocations=14 (full 2):
 PSYoungGen      total 196608K, used 196605K [0x000000076ab00000, 0x000000077e300000, 0x00000007c0000000)
  eden space 149504K, 100% used [0x000000076ab00000,0x0000000773d00000,0x0000000773d00000)
  from space 47104K, 99% used [0x0000000773d00000,0x0000000776aff428,0x0000000776b00000)
  to   space 55296K, 0% used [0x000000077ad00000,0x000000077ad00000,0x000000077e300000)
 ParOldGen       total 103424K, used 61692K [0x00000006c0000000, 0x00000006c6500000, 0x000000076ab00000)
  object space 103424K, 59% used [0x00000006c0000000,0x00000006c3c3f150,0x00000006c6500000)
 Metaspace       used 6083K, capacity 7152K, committed 7296K, reserved 1056768K
  class space    used 576K, capacity 616K, committed 640K, reserved 1048576K
Event: 50.748 GC heap after
Heap after GC invocations=14 (full 2):
 PSYoungGen      total 259584K, used 44935K [0x000000076ab00000, 0x000000077e800000, 0x00000007c0000000)
  eden space 204288K, 0% used [0x000000076ab00000,0x000000076ab00000,0x0000000777280000)
  from space 55296K, 81% used [0x000000077ad00000,0x000000077d8e1f48,0x000000077e300000)
  to   space 59904K, 0% used [0x0000000777280000,0x0000000777280000,0x000000077ad00000)
 ParOldGen       total 103424K, used 81872K [0x00000006c0000000, 0x00000006c6500000, 0x000000076ab00000)
  object space 103424K, 79% used [0x00000006c0000000,0x00000006c4ff41b0,0x00000006c6500000)
 Metaspace       used 6083K, capacity 7152K, committed 7296K, reserved 1056768K
  class space    used 576K, capacity 616K, committed 640K, reserved 1048576K
}
Event: 51.324 GC heap before
{Heap before GC invocations=15 (full 3):
 PSYoungGen      total 259584K, used 44935K [0x000000076ab00000, 0x000000077e800000, 0x00000007c0000000)
  eden space 204288K, 0% used [0x000000076ab00000,0x000000076ab00000,0x0000000777280000)
  from space 55296K, 81% used [0x000000077ad00000,0x000000077d8e1f48,0x000000077e300000)
  to   space 59904K, 0% used [0x0000000777280000,0x0000000777280000,0x000000077ad00000)
 ParOldGen       total 103424K, used 81872K [0x00000006c0000000, 0x00000006c6500000, 0x000000076ab00000)
  object space 103424K, 79% used [0x00000006c0000000,0x00000006c4ff41b0,0x00000006c6500000)
 Metaspace       used 6083K, capacity 7152K, committed 7296K, reserved 1056768K
  class space    used 576K, capacity 616K, committed 640K, reserved 1048576K

